[03:24:51] [Netty Epoll Server IO #2/INFO] [FML]: Disconnecting Player: This server has mods that require FML/Forge to be installed on the client: [A Block of Charcoal, AbyssalCraft, AbyssalCraft Integration, Actually Additions, Actually Baubles, Advanced Generators, Antique Atlas, Applied Energistics 2, ArmoreableMobs, AstikorCarts, AutoRegLib, B.A.S.E, BD Lib, Baubles, Better Builder's Wands, Better With Lib, Better With Mods, Better with Addons, BiblioCraft, Blood Magic: Alchemical Wizardry, Bonsai Trees, Bookshelf, BringBedrockBack, BuildCraft, BuildCraft Builders, BuildCraft Factory, BuildCraft Lib, BuildCraft Robotics, BuildCraft Silicon, BuildCraft Transport, Building Gadgets, CD4017BE_lib, Carry On, Ceramics, Chameleon, Chargers, Chisel, Chisels & Bits, Clumps, CodeChicken Lib, CommonCapabilities, Compact Machines 3, Construct's Armory, ContentTweaker, Cooking for Blockheads, CraftTweaker JEI Support, CraftTweaker2, Cucumber Library, Cyclic, Cyclops Core, Dark Utilities, Despawning Spawners, Dimension Stages, Dimensional Control, Dung Pipe, Elevator Mod, EmberRoot Zoo, Ender Utilities, EnderStorage, Environmental Tech, Extended Crafting, Extra Planets, Farming for Blockheads, Farseek, FastFurnace, FastWorkbench, Ferdinand's Flowers, FindMe, Forge Microblocks, Forge Multipart CBE, Galacticraft Core, Galacticraft Planets, Game Stages, Geolosys, Gobble Core, Guide-API, Horse Power, Hunting Dimension, Immersive Craft, Immersive Engineering, Immersive Petroleum, Immersive Tech, Improved Backpacks, Inductive Logistics, Industrial Foregoing, Info Accessories, Integrated Dynamics, IntegratedDynamics-Compat, Iron Backpacks, Iron Chest, Iron Jetpacks, Item Stages, Just A Raft Mod, Just a Few Fish, JustEnoughIDs, KleeSlabs, LibEx, Loot Table Tweaker, MJRLegendsLib, MTLib, Mantle, McJtyLib, MekaTweaks, Mekanism, Mercurius, Minecraft Multipart Plugin, Mo' Bends, Mob Stages, Mod Tweaker, ModPack Basic Tools, ModPack Utilities, Modular Machinery, Modular Routers, Multiblockstages, Mundane Redstone, Mystical Agradditions, Mystical Agradditions Compat, Mystical Agriculture, Natura, Nature's Compass, NetherEx, No World Gen 5 You, Ocean Floor Classic, Ore Stages, OreExcavation, OreExcavation Integration, Overloaded, Pickle Tweaks, Player Skin Mobs, PneumaticCraft: Repressurized, Power Adapters, Prestige, PrimalChests, PrimalCore, Progression Tweaks, Prospectors, QuantumStorage, Quark, RFTools, RFTools Control, Ranged Pumps, Realistic Item Drops, Reborn Core, RebornStorage, RecipeStages, Recurrent Complex, Redstone Flux, Refined Storage, Refined Storage Addons, Road Runner, Rustic, Scannable, SevTweaks, Simple Generators, Simple Storage Network, Simple Tomb, Simply Arrows, Spartan Shields, Steve's Carts 2, Storage Drawers, Streams, Super Sound Muffler: Revived, TallGates, Tesla Core Lib, Tesla Core Lib Registries, The Beneath, The Betweenlands, The Twilight Forest, The Weirding Gadget, Thirsty Bottles, Tinker Stages, Tinkers Tool Leveling, Tinkers' Complement, Tinkers' Construct, To the Bat Poles!, TogetherForever, Totemic, Translocators, Traverse, Triumph, Trumpet Skeleton, Tumbleweed, Ultimate Car Mod, Universal Modifiers, Valkyrie Lib, ViesCraft, Villager Trade Tables, Waddles, Waila Stages, Wall-Jump!, WanionLib, Water Control Extreme, Water Strainer, Wild Crops, Wither Skeleton Tweaks, Wopper, XNet, YNot, Yoyos, ZenLoot, ZenStages, animalium, death_compass, fat_cat, galacticrafttweaker, magma_monsters, mob_grinding_utils, playerbosses, primal_tech, sev_tweaks_npc, uppers]
[11:32:31] [Server thread/INFO] [net.minecraft.server.dedicated.DedicatedServer]: [Server] balls
[11:32:52] [Server thread/INFO] [net.minecraft.server.dedicated.DedicatedServer]: Stopping the server
[11:32:53] [Server thread/INFO] [AromaBackup]: Delaying server stop to finish Backup.
[11:32:53] [Server thread/INFO] [Prestige]: Saving data for 7a257e21-48f4-4bbe-b939-bcac819685fc.
[11:32:53] [Server thread/INFO] [net.minecraft.server.MinecraftServer]: Stopping server
[11:32:53] [Server thread/INFO] [net.minecraft.server.MinecraftServer]: Saving players
[11:32:53] [Server thread/INFO] [net.minecraft.server.MinecraftServer]: Saving worlds
[11:32:53] [Server thread/INFO] [net.minecraft.server.MinecraftServer]: Saving chunks for level 'world'/overworld
[11:32:54] [Server thread/INFO] [net.minecraft.server.MinecraftServer]: Saving chunks for level 'world'/Storage Cell
[11:32:54] [Server thread/INFO] [FML]: Unloading dimension 0
[11:32:54] [Server thread/INFO] [FML]: Unloading dimension 2
[11:32:54] [Server thread/INFO] [Actually Additions]: Unloaded WorldData!
[11:32:54] [Server thread/INFO] [Galacticraft]: Unregistered Dimension: -30
[11:32:54] [Server thread/INFO] [Galacticraft]: Unregistered Dimension: -20
[11:32:54] [Server thread/INFO] [Galacticraft]: Unregistered Dimension: -21
[11:32:54] [Server thread/INFO] [Galacticraft]: Unregistered Dimension: -15
[11:32:54] [Server thread/INFO] [Galacticraft]: Unregistered Dimension: -22
[11:32:54] [Server thread/INFO] [Galacticraft]: Unregistered Dimension: -29
[11:32:54] [Server thread/INFO] [Galacticraft]: Unregistered Dimension: -13
[11:32:54] [Server thread/INFO] [Galacticraft]: Unregistered Dimension: -18
[11:32:54] [Server thread/INFO] [Galacticraft]: Unregistered Dimension: -19
[11:32:54] [Server thread/INFO] [Galacticraft]: Unregistered Dimension: -16
[11:32:54] [Server thread/INFO] [Galacticraft]: Unregistered Dimension: -17
[11:32:54] [Server thread/INFO] [Galacticraft]: Unregistered Dimension: -31
[11:32:54] [Server thread/INFO] [Galacticraft]: Unregistered Dimension: -1505
[11:32:54] [Server thread/INFO] [Galacticraft]: Unregistered Dimension: -1503
[11:32:54] [Server thread/INFO] [Galacticraft]: Unregistered Dimension: -1501
[11:32:54] [Server thread/INFO] [Galacticraft]: Unregistered Dimension: -1506
[11:32:54] [Server thread/INFO] [Galacticraft]: Unregistered Dimension: -1511
[11:32:54] [Server thread/INFO] [Galacticraft]: Unregistered Dimension: -1500
[11:32:54] [Server thread/INFO] [Galacticraft]: Unregistered Dimension: -28
[11:32:54] [Server thread/INFO] [Galacticraft]: Unregistered Dimension: -1509
[11:32:54] [Server thread/INFO] [Galacticraft]: Unregistered Dimension: -1502
[11:32:54] [Server thread/INFO] [Galacticraft]: Unregistered Dimension: -1507
[11:32:54] [Server thread/INFO] [Galacticraft]: Unregistered Dimension: -1508
[11:32:54] [Server thread/INFO] [Galacticraft]: Unregistered Dimension: -1510
[11:32:54] [Server thread/INFO] [Galacticraft]: Unregistered Dimension: -1504
[11:32:54] [Server thread/INFO] [mcjtylib_ng]: Cleaning up all world data: 2 data blobs
[11:32:54] [Server Shutdown Thread/INFO] [net.minecraft.server.MinecraftServer]: Stopping server
[11:32:54] [Server Shutdown Thread/INFO] [net.minecraft.server.MinecraftServer]: Saving players
[11:32:54] [Server Shutdown Thread/INFO] [net.minecraft.server.MinecraftServer]: Saving worlds
